# JRE version: Java(TM) SE Runtime Environment (8.0_91-b14) (build 1.8.0_91-b14)
# Java VM: Java HotSpot(TM) 64-Bit Server VM (25.91-b14 mixed mode windows-amd64 compressed oops)
Heap:
 PSYoungGen      total 302080K, used 147863K [0x0000000780700000, 0x0000000797e00000, 0x00000007c0000000)
  eden space 286720K, 51% used [0x0000000780700000,0x0000000789765c40,0x0000000791f00000)
  from space 15360K, 0% used [0x0000000791f00000,0x0000000791f00000,0x0000000792e00000)
  to   space 14848K, 0% used [0x0000000796f80000,0x0000000796f80000,0x0000000797e00000)
 ParOldGen       total 167424K, used 22091K [0x0000000701400000, 0x000000070b780000, 0x0000000780700000)
  object space 167424K, 13% used [0x0000000701400000,0x0000000702992d70,0x000000070b780000)
 Metaspace       used 62553K, capacity 65046K, committed 65280K, reserved 1105920K
  class space    used 8192K, capacity 8620K, committed 8704K, reserved 1048576K
GC Heap History (10 events):
Event: 11.519 GC heap before
{Heap before GC invocations=11 (full 2):
 PSYoungGen      total 238592K, used 227840K [0x0000000780700000, 0x0000000793a00000, 0x00000007c0000000)
  eden space 227840K, 100% used [0x0000000780700000,0x000000078e580000,0x000000078e580000)
  from space 10752K, 0% used [0x000000078f000000,0x000000078f000000,0x000000078fa80000)
  to   space 10752K, 0% used [0x000000078e580000,0x000000078e580000,0x000000078f000000)
 ParOldGen       total 117760K, used 12563K [0x0000000701400000, 0x0000000708700000, 0x0000000780700000)
  object space 117760K, 10% used [0x0000000701400000,0x0000000702044cf8,0x0000000708700000)
 Metaspace       used 46761K, capacity 48574K, committed 49024K, reserved 1091584K
  class space    used 6151K, capacity 6475K, committed 6528K, reserved 1048576K
Event: 11.533 GC heap after
Heap after GC invocations=11 (full 2):
 PSYoungGen      total 238592K, used 10742K [0x0000000780700000, 0x0000000793d00000, 0x00000007c0000000)
  eden space 227840K, 0% used [0x0000000780700000,0x0000000780700000,0x000000078e580000)
  from space 10752K, 99% used [0x000000078e580000,0x000000078effdb08,0x000000078f000000)
  to   space 13312K, 0% used [0x0000000793000000,0x0000000793000000,0x0000000793d00000)
 ParOldGen       total 117760K, used 15969K [0x0000000701400000, 0x0000000708700000, 0x0000000780700000)
  object space 117760K, 13% used [0x0000000701400000,0x00000007023985d8,0x0000000708700000)
 Metaspace       used 46761K, capacity 48574K, committed 49024K, reserved 1091584K
  class space    used 6151K, capacity 6475K, committed 6528K, reserved 1048576K
}
Event: 22.502 GC heap before
{Heap before GC invocations=12 (full 2):
 PSYoungGen      total 238592K, used 205844K [0x0000000780700000, 0x0000000793d00000, 0x00000007c0000000)
  eden space 227840K, 85% used [0x0000000780700000,0x000000078c587518,0x000000078e580000)
  from space 10752K, 99% used [0x000000078e580000,0x000000078effdb08,0x000000078f000000)
  to   space 13312K, 0% used [0x0000000793000000,0x0000000793000000,0x0000000793d00000)
 ParOldGen       total 117760K, used 15969K [0x0000000701400000, 0x0000000708700000, 0x0000000780700000)
  object space 117760K, 13% used [0x0000000701400000,0x00000007023985d8,0x0000000708700000)
 Metaspace       used 56584K, capacity 58894K, committed 59008K, reserved 1099776K
  class space    used 7564K, capacity 7959K, committed 8064K, reserved 1048576K
Event: 22.549 GC heap after
Heap after GC invocations=12 (full 2):
 PSYoungGen      total 297984K, used 13295K [0x0000000780700000, 0x0000000793d00000, 0x00000007c0000000)
  eden space 284672K, 0% used [0x0000000780700000,0x0000000780700000,0x0000000791d00000)
  from space 13312K, 99% used [0x0000000793000000,0x0000000793cfbdb0,0x0000000793d00000)
  to   space 15360K, 0% used [0x0000000791f00000,0x0000000791f00000,0x0000000792e00000)
 ParOldGen       total 117760K, used 17299K [0x0000000701400000, 0x0000000708700000, 0x0000000780700000)
  object space 117760K, 14% used [0x0000000701400000,0x00000007024e4d20,0x0000000708700000)
 Metaspace       used 56584K, capacity 58894K, committed 59008K, reserved 1099776K
  class space    used 7564K, capacity 7959K, committed 8064K, reserved 1048576K
}
Event: 22.550 GC heap before
{Heap before GC invocations=13 (full 3):
 PSYoungGen      total 297984K, used 13295K [0x0000000780700000, 0x0000000793d00000, 0x00000007c0000000)
  eden space 284672K, 0% used [0x0000000780700000,0x0000000780700000,0x0000000791d00000)
  from space 13312K, 99% used [0x0000000793000000,0x0000000793cfbdb0,0x0000000793d00000)
  to   space 15360K, 0% used [0x0000000791f00000,0x0000000791f00000,0x0000000792e00000)
 ParOldGen       total 117760K, used 17299K [0x0000000701400000, 0x0000000708700000, 0x0000000780700000)
  object space 117760K, 14% used [0x0000000701400000,0x00000007024e4d20,0x0000000708700000)
 Metaspace       used 56584K, capacity 58894K, committed 59008K, reserved 1099776K
  class space    used 7564K, capacity 7959K, committed 8064K, reserved 1048576K
Event: 22.786 GC heap after
Heap after GC invocations=13 (full 3):
 PSYoungGen      total 297984K, used 0K [0x0000000780700000, 0x0000000793d00000, 0x00000007c0000000)
  eden space 284672K, 0% used [0x0000000780700000,0x0000000780700000,0x0000000791d00000)
  from space 13312K, 0% used [0x0000000793000000,0x0000000793000000,0x0000000793d00000)
  to   space 15360K, 0% used [0x0000000791f00000,0x0000000791f00000,0x0000000792e00000)
 ParOldGen       total 167424K, used 23580K [0x0000000701400000, 0x000000070b780000, 0x0000000780700000)
  object space 167424K, 14% used [0x0000000701400000,0x0000000702b073a8,0x000000070b780000)
 Metaspace       used 56561K, capacity 58858K, committed 59008K, reserved 1099776K
  class space    used 7561K, capacity 7953K, committed 8064K, reserved 1048576K
}
Event: 986.773 GC heap before
{Heap before GC invocations=14 (full 3):
 PSYoungGen      total 297984K, used 224515K [0x0000000780700000, 0x0000000793d00000, 0x00000007c0000000)
  eden space 284672K, 78% used [0x0000000780700000,0x000000078e240cf0,0x0000000791d00000)
  from space 13312K, 0% used [0x0000000793000000,0x0000000793000000,0x0000000793d00000)
  to   space 15360K, 0% used [0x0000000791f00000,0x0000000791f00000,0x0000000792e00000)
 ParOldGen       total 167424K, used 23580K [0x0000000701400000, 0x000000070b780000, 0x0000000780700000)
  object space 167424K, 14% used [0x0000000701400000,0x0000000702b073a8,0x000000070b780000)
 Metaspace       used 61628K, capacity 64072K, committed 64384K, reserved 1105920K
  class space    used 8158K, capacity 8561K, committed 8576K, reserved 1048576K
Event: 986.786 GC heap after
Heap after GC invocations=14 (full 3):
 PSYoungGen      total 302080K, used 7122K [0x0000000780700000, 0x0000000797e00000, 0x00000007c0000000)
  eden space 286720K, 0% used [0x0000000780700000,0x0000000780700000,0x0000000791f00000)
  from space 15360K, 46% used [0x0000000791f00000,0x00000007925f48e8,0x0000000792e00000)
  to   space 14848K, 0% used [0x0000000796f80000,0x0000000796f80000,0x0000000797e00000)
 ParOldGen       total 167424K, used 23588K [0x0000000701400000, 0x000000070b780000, 0x0000000780700000)
  object space 167424K, 14% used [0x0000000701400000,0x0000000702b093a8,0x000000070b780000)
 Metaspace       used 61628K, capacity 64072K, committed 64384K, reserved 1105920K
  class space    used 8158K, capacity 8561K, committed 8576K, reserved 1048576K
}
Event: 986.786 GC heap before
{Heap before GC invocations=15 (full 4):
 PSYoungGen      total 302080K, used 7122K [0x0000000780700000, 0x0000000797e00000, 0x00000007c0000000)
  eden space 286720K, 0% used [0x0000000780700000,0x0000000780700000,0x0000000791f00000)
  from space 15360K, 46% used [0x0000000791f00000,0x00000007925f48e8,0x0000000792e00000)
  to   space 14848K, 0% used [0x0000000796f80000,0x0000000796f80000,0x0000000797e00000)
 ParOldGen       total 167424K, used 23588K [0x0000000701400000, 0x000000070b780000, 0x0000000780700000)
  object space 167424K, 14% used [0x0000000701400000,0x0000000702b093a8,0x000000070b780000)
 Metaspace       used 61628K, capacity 64072K, committed 64384K, reserved 1105920K
  class space    used 8158K, capacity 8561K, committed 8576K, reserved 1048576K
Event: 986.989 GC heap after
Heap after GC invocations=15 (full 4):
 PSYoungGen      total 302080K, used 0K [0x0000000780700000, 0x0000000797e00000, 0x00000007c0000000)
  eden space 286720K, 0% used [0x0000000780700000,0x0000000780700000,0x0000000791f00000)
  from space 15360K, 0% used [0x0000000791f00000,0x0000000791f00000,0x0000000792e00000)
  to   space 14848K, 0% used [0x0000000796f80000,0x0000000796f80000,0x0000000797e00000)
 ParOldGen       total 167424K, used 22091K [0x0000000701400000, 0x000000070b780000, 0x0000000780700000)
  object space 167424K, 13% used [0x0000000701400000,0x0000000702992d70,0x000000070b780000)
 Metaspace       used 61620K, capacity 64048K, committed 64384K, reserved 1105920K
  class space    used 8155K, capacity 8557K, committed 8576K, reserved 1048576K
}

