# JRE version: Java(TM) SE Runtime Environment (8.0_91-b14) (build 1.8.0_91-b14)
# Java VM: Java HotSpot(TM) 64-Bit Server VM (25.91-b14 mixed mode windows-amd64 compressed oops)
Heap:
 PSYoungGen      total 301568K, used 173455K [0x0000000780700000, 0x0000000794380000, 0x00000007c0000000)
  eden space 288256K, 60% used [0x0000000780700000,0x000000078b063cf8,0x0000000792080000)
  from space 13312K, 0% used [0x0000000793680000,0x0000000793680000,0x0000000794380000)
  to   space 15360K, 0% used [0x0000000792580000,0x0000000792580000,0x0000000793480000)
 ParOldGen       total 161280K, used 23818K [0x0000000701400000, 0x000000070b180000, 0x0000000780700000)
  object space 161280K, 14% used [0x0000000701400000,0x0000000702b42b30,0x000000070b180000)
 Metaspace       used 63244K, capacity 65674K, committed 65920K, reserved 1105920K
  class space    used 8305K, capacity 8723K, committed 8832K, reserved 1048576K
GC Heap History (10 events):
Event: 6.854 GC heap before
{Heap before GC invocations=9 (full 1):
 PSYoungGen      total 203264K, used 112740K [0x0000000780700000, 0x000000078fe80000, 0x00000007c0000000)
  eden space 194560K, 53% used [0x0000000780700000,0x0000000786c9f4c8,0x000000078c500000)
  from space 8704K, 99% used [0x000000078c500000,0x000000078cd79ec0,0x000000078cd80000)
  to   space 10752K, 0% used [0x000000078f400000,0x000000078f400000,0x000000078fe80000)
 ParOldGen       total 75776K, used 8753K [0x0000000701400000, 0x0000000705e00000, 0x0000000780700000)
  object space 75776K, 11% used [0x0000000701400000,0x0000000701c8c560,0x0000000705e00000)
 Metaspace       used 33635K, capacity 35284K, committed 35416K, reserved 1081344K
  class space    used 4258K, capacity 4572K, committed 4608K, reserved 1048576K
Event: 6.866 GC heap after
Heap after GC invocations=9 (full 1):
 PSYoungGen      total 242688K, used 8166K [0x0000000780700000, 0x0000000793e80000, 0x00000007c0000000)
  eden space 231936K, 0% used [0x0000000780700000,0x0000000780700000,0x000000078e980000)
  from space 10752K, 75% used [0x000000078f400000,0x000000078fbf9ad8,0x000000078fe80000)
  to   space 10752K, 0% used [0x000000078e980000,0x000000078e980000,0x000000078f400000)
 ParOldGen       total 75776K, used 8761K [0x0000000701400000, 0x0000000705e00000, 0x0000000780700000)
  object space 75776K, 11% used [0x0000000701400000,0x0000000701c8e560,0x0000000705e00000)
 Metaspace       used 33635K, capacity 35284K, committed 35416K, reserved 1081344K
  class space    used 4258K, capacity 4572K, committed 4608K, reserved 1048576K
}
Event: 6.866 GC heap before
{Heap before GC invocations=10 (full 2):
 PSYoungGen      total 242688K, used 8166K [0x0000000780700000, 0x0000000793e80000, 0x00000007c0000000)
  eden space 231936K, 0% used [0x0000000780700000,0x0000000780700000,0x000000078e980000)
  from space 10752K, 75% used [0x000000078f400000,0x000000078fbf9ad8,0x000000078fe80000)
  to   space 10752K, 0% used [0x000000078e980000,0x000000078e980000,0x000000078f400000)
 ParOldGen       total 75776K, used 8761K [0x0000000701400000, 0x0000000705e00000, 0x0000000780700000)
  object space 75776K, 11% used [0x0000000701400000,0x0000000701c8e560,0x0000000705e00000)
 Metaspace       used 33635K, capacity 35284K, committed 35416K, reserved 1081344K
  class space    used 4258K, capacity 4572K, committed 4608K, reserved 1048576K
Event: 6.936 GC heap after
Heap after GC invocations=10 (full 2):
 PSYoungGen      total 242688K, used 0K [0x0000000780700000, 0x0000000793e80000, 0x00000007c0000000)
  eden space 231936K, 0% used [0x0000000780700000,0x0000000780700000,0x000000078e980000)
  from space 10752K, 0% used [0x000000078f400000,0x000000078f400000,0x000000078fe80000)
  to   space 10752K, 0% used [0x000000078e980000,0x000000078e980000,0x000000078f400000)
 ParOldGen       total 115712K, used 12557K [0x0000000701400000, 0x0000000708500000, 0x0000000780700000)
  object space 115712K, 10% used [0x0000000701400000,0x0000000702043560,0x0000000708500000)
 Metaspace       used 33635K, capacity 35284K, committed 35416K, reserved 1081344K
  class space    used 4258K, capacity 4572K, committed 4608K, reserved 1048576K
}
Event: 9.660 GC heap before
{Heap before GC invocations=11 (full 2):
 PSYoungGen      total 242688K, used 231936K [0x0000000780700000, 0x0000000793e80000, 0x00000007c0000000)
  eden space 231936K, 100% used [0x0000000780700000,0x000000078e980000,0x000000078e980000)
  from space 10752K, 0% used [0x000000078f400000,0x000000078f400000,0x000000078fe80000)
  to   space 10752K, 0% used [0x000000078e980000,0x000000078e980000,0x000000078f400000)
 ParOldGen       total 115712K, used 12557K [0x0000000701400000, 0x0000000708500000, 0x0000000780700000)
  object space 115712K, 10% used [0x0000000701400000,0x0000000702043560,0x0000000708500000)
 Metaspace       used 47609K, capacity 49486K, committed 49920K, reserved 1093632K
  class space    used 6266K, capacity 6605K, committed 6656K, reserved 1048576K
Event: 9.675 GC heap after
Heap after GC invocations=11 (full 2):
 PSYoungGen      total 242688K, used 10740K [0x0000000780700000, 0x0000000794380000, 0x00000007c0000000)
  eden space 231936K, 0% used [0x0000000780700000,0x0000000780700000,0x000000078e980000)
  from space 10752K, 99% used [0x000000078e980000,0x000000078f3fd150,0x000000078f400000)
  to   space 13312K, 0% used [0x0000000793680000,0x0000000793680000,0x0000000794380000)
 ParOldGen       total 115712K, used 15663K [0x0000000701400000, 0x0000000708500000, 0x0000000780700000)
  object space 115712K, 13% used [0x0000000701400000,0x000000070234bfc8,0x0000000708500000)
 Metaspace       used 47609K, capacity 49486K, committed 49920K, reserved 1093632K
  class space    used 6266K, capacity 6605K, committed 6656K, reserved 1048576K
}
Event: 32.528 GC heap before
{Heap before GC invocations=12 (full 2):
 PSYoungGen      total 242688K, used 213646K [0x0000000780700000, 0x0000000794380000, 0x00000007c0000000)
  eden space 231936K, 87% used [0x0000000780700000,0x000000078cd266b8,0x000000078e980000)
  from space 10752K, 99% used [0x000000078e980000,0x000000078f3fd150,0x000000078f400000)
  to   space 13312K, 0% used [0x0000000793680000,0x0000000793680000,0x0000000794380000)
 ParOldGen       total 115712K, used 15663K [0x0000000701400000, 0x0000000708500000, 0x0000000780700000)
  object space 115712K, 13% used [0x0000000701400000,0x000000070234bfc8,0x0000000708500000)
 Metaspace       used 56614K, capacity 58882K, committed 59008K, reserved 1099776K
  class space    used 7572K, capacity 7983K, committed 8064K, reserved 1048576K
Event: 32.543 GC heap after
Heap after GC invocations=12 (full 2):
 PSYoungGen      total 301568K, used 13291K [0x0000000780700000, 0x0000000794380000, 0x00000007c0000000)
  eden space 288256K, 0% used [0x0000000780700000,0x0000000780700000,0x0000000792080000)
  from space 13312K, 99% used [0x0000000793680000,0x000000079437ac50,0x0000000794380000)
  to   space 15360K, 0% used [0x0000000792580000,0x0000000792580000,0x0000000793480000)
 ParOldGen       total 115712K, used 17375K [0x0000000701400000, 0x0000000708500000, 0x0000000780700000)
  object space 115712K, 15% used [0x0000000701400000,0x00000007024f7e18,0x0000000708500000)
 Metaspace       used 56614K, capacity 58882K, committed 59008K, reserved 1099776K
  class space    used 7572K, capacity 7983K, committed 8064K, reserved 1048576K
}
Event: 32.543 GC heap before
{Heap before GC invocations=13 (full 3):
 PSYoungGen      total 301568K, used 13291K [0x0000000780700000, 0x0000000794380000, 0x00000007c0000000)
  eden space 288256K, 0% used [0x0000000780700000,0x0000000780700000,0x0000000792080000)
  from space 13312K, 99% used [0x0000000793680000,0x000000079437ac50,0x0000000794380000)
  to   space 15360K, 0% used [0x0000000792580000,0x0000000792580000,0x0000000793480000)
 ParOldGen       total 115712K, used 17375K [0x0000000701400000, 0x0000000708500000, 0x0000000780700000)
  object space 115712K, 15% used [0x0000000701400000,0x00000007024f7e18,0x0000000708500000)
 Metaspace       used 56614K, capacity 58882K, committed 59008K, reserved 1099776K
  class space    used 7572K, capacity 7983K, committed 8064K, reserved 1048576K
Event: 32.687 GC heap after
Heap after GC invocations=13 (full 3):
 PSYoungGen      total 301568K, used 0K [0x0000000780700000, 0x0000000794380000, 0x00000007c0000000)
  eden space 288256K, 0% used [0x0000000780700000,0x0000000780700000,0x0000000792080000)
  from space 13312K, 0% used [0x0000000793680000,0x0000000793680000,0x0000000794380000)
  to   space 15360K, 0% used [0x0000000792580000,0x0000000792580000,0x0000000793480000)
 ParOldGen       total 161280K, used 23818K [0x0000000701400000, 0x000000070b180000, 0x0000000780700000)
  object space 161280K, 14% used [0x0000000701400000,0x0000000702b42b30,0x000000070b180000)
 Metaspace       used 56592K, capacity 58846K, committed 59008K, reserved 1099776K
  class space    used 7569K, capacity 7977K, committed 8064K, reserved 1048576K
}

